Fetching registry information from https://github.com/microsoft/vcpkg (HEAD)...
Detecting compiler hash for triplet x64-windows...
Compiler found: C:/Program Files (x86)/Microsoft Visual Studio/2022/BuildTools/VC/Tools/MSVC/14.43.34808/bin/Hostx64/x64/cl.exe
The following packages will be built and installed:
  * boost-algorithm:x64-windows@1.88.0 -- git+https://github.com/microsoft/vcpkg@ad439228ad08c78b1db8a59d33f36a53cb2da963
  * boost-align:x64-windows@1.88.0 -- git+https://github.com/microsoft/vcpkg@4924c1722bfca24f9700837388bd5d9481695e2b
  * boost-any:x64-windows@1.88.0 -- git+https://github.com/microsoft/vcpkg@d58b4fbb3de4aa97fcbd4ddede97df239656d4e4
  * boost-array:x64-windows@1.88.0 -- git+https://github.com/microsoft/vcpkg@ac9d6b735393768df04f6dafaf12d503cb133e6d
  * boost-assert:x64-windows@1.88.0 -- git+https://github.com/microsoft/vcpkg@d6e23ac8a35da1fa74839bde3a863d279a6059a3
  * boost-atomic:x64-windows@1.88.0 -- git+https://github.com/microsoft/vcpkg@9b2f531f06494c18e7aea107338d1ebcd986208f
  * boost-bimap:x64-windows@1.88.0 -- git+https://github.com/microsoft/vcpkg@0d3e491a75368bdd5dc30ba3aee8830fa9504cf1
  * boost-bind:x64-windows@1.88.0 -- git+https://github.com/microsoft/vcpkg@a15c751451e95db5247d6cfb51087fdc9d4c358d
  * boost-chrono:x64-windows@1.88.0 -- git+https://github.com/microsoft/vcpkg@bb43f877d11b220cf9156794ba14b203a97c5233
  * boost-cmake:x64-windows@1.88.0 -- git+https://github.com/microsoft/vcpkg@1a36be4443ec1c0be66984a1e82914a5181b37b1
  * boost-concept-check:x64-windows@1.88.0 -- git+https://github.com/microsoft/vcpkg@c0ca6d1964dab6ed90d303669d4b7f793984c51f
  * boost-config:x64-windows@1.88.0 -- git+https://github.com/microsoft/vcpkg@08220601e68293ce84acafc748856e45db90b6e0
  * boost-container:x64-windows@1.88.0 -- git+https://github.com/microsoft/vcpkg@718d272c732f63acb5fd80814fc85563f171c735
  * boost-container-hash:x64-windows@1.88.0 -- git+https://github.com/microsoft/vcpkg@ea1718341f6ab05a1e8de70803f2217501121b22
  * boost-conversion:x64-windows@1.88.0 -- git+https://github.com/microsoft/vcpkg@c42652f6df8bd8617a314dfe5fe4c2faf1a7dedd
  * boost-core:x64-windows@1.88.0 -- git+https://github.com/microsoft/vcpkg@4c65d7305461035adb983409910487493fbc3c17
  * boost-crc:x64-windows@1.88.0 -- git+https://github.com/microsoft/vcpkg@d3ec31c09d6eaffb7080b0fd6c2eab151f8bf529
  * boost-date-time:x64-windows@1.88.0 -- git+https://github.com/microsoft/vcpkg@27fa7c8f51d9c33b0764250d263bd62e22204ce1
  * boost-describe:x64-windows@1.88.0 -- git+https://github.com/microsoft/vcpkg@c8f7e17ade0012c59a0f0a4fd2eed310e46a62a2
  * boost-detail:x64-windows@1.88.0 -- git+https://github.com/microsoft/vcpkg@98a332b03b6cea4761f88e91583365d6541a363a
  * boost-dynamic-bitset:x64-windows@1.88.0 -- git+https://github.com/microsoft/vcpkg@d4c919f26acd2f22956a1516951f886426bcb44c
  * boost-endian:x64-windows@1.88.0 -- git+https://github.com/microsoft/vcpkg@8f0d2e5b95c17eb43c531c6eb9c80308fb5d2715
  * boost-exception:x64-windows@1.88.0 -- git+https://github.com/microsoft/vcpkg@a9ea525002cadc70c3ea9bdf08c12d09772b8856
  * boost-foreach:x64-windows@1.88.0 -- git+https://github.com/microsoft/vcpkg@e3d5b6b20491578a66e26c88932813b9a6921a71
  * boost-function:x64-windows@1.88.0 -- git+https://github.com/microsoft/vcpkg@dd9ac4db4f4b66a229827fe980cf6383a5e7d3a6
  * boost-function-types:x64-windows@1.88.0 -- git+https://github.com/microsoft/vcpkg@89350648b176e8b7fa29c581eacb759399beb1a4
  * boost-functional:x64-windows@1.88.0 -- git+https://github.com/microsoft/vcpkg@2ff2af6a3352bb8fbf08b0c8d0ee09be73db31d4
  * boost-fusion:x64-windows@1.88.0 -- git+https://github.com/microsoft/vcpkg@bd409c100d97251c34028434e9229dbdc2a9b6ab
  * boost-geometry:x64-windows@1.88.0 -- git+https://github.com/microsoft/vcpkg@4975506479d2d5811c32907d2b9700c99a3c9425
  * boost-graph:x64-windows@1.88.0 -- git+https://github.com/microsoft/vcpkg@69ef36141b8d456f8bc7198f849b012f546b1891
  * boost-headers:x64-windows@1.88.0 -- git+https://github.com/microsoft/vcpkg@89fca00b9db236eb0cb0ea97b9db246c2db7b3e1
  * boost-integer:x64-windows@1.88.0 -- git+https://github.com/microsoft/vcpkg@74fcf2f7483b0b82c14d59e9feaa006a75403e3d
  * boost-intrusive:x64-windows@1.88.0 -- git+https://github.com/microsoft/vcpkg@0e559d87a538a62ab92d14b3a1bf20f4b15e9801
  * boost-io:x64-windows@1.88.0 -- git+https://github.com/microsoft/vcpkg@bf0040fba4e0e01974090341efb3a14e69226ff4
  * boost-iterator:x64-windows@1.88.0 -- git+https://github.com/microsoft/vcpkg@8c9d7242f99b48a2179719640bc47c4a8a2f8f70
  * boost-lambda:x64-windows@1.88.0 -- git+https://github.com/microsoft/vcpkg@1e99d426f37d820d965205b4222cbfea4f348f1f
  * boost-lexical-cast:x64-windows@1.88.0 -- git+https://github.com/microsoft/vcpkg@c3631cacb2113b407eaa8be643a96dae14464f79
  * boost-math:x64-windows@1.88.0 -- git+https://github.com/microsoft/vcpkg@82070426a98436acbaa643d1042944b64a9172da
  * boost-move:x64-windows@1.88.0 -- git+https://github.com/microsoft/vcpkg@36644849a94e71b5527a68a3896b12ee41da8197
  * boost-mp11:x64-windows@1.88.0 -- git+https://github.com/microsoft/vcpkg@2f04ead9077fd5a1906dde8aaedbbae09c5cab8c
  * boost-mpl:x64-windows@1.88.0 -- git+https://github.com/microsoft/vcpkg@6cdd95078ed4dc9bd700884cfc132dca24a99013
  * boost-multi-index:x64-windows@1.88.0 -- git+https://github.com/microsoft/vcpkg@5d8d500e7d9b6642e2db2835b48b3a39e83b211f
  * boost-multiprecision:x64-windows@1.88.0 -- git+https://github.com/microsoft/vcpkg@752008e7df52dbd3e61ec6fc8c4db0012ce60f5a
  * boost-numeric-conversion:x64-windows@1.88.0 -- git+https://github.com/microsoft/vcpkg@79af9270e64b3948e4fe3c0c911614c090450bae
  * boost-optional:x64-windows@1.88.0 -- git+https://github.com/microsoft/vcpkg@1c8c7aa2e1a750a5faf818b3bc8e0491f415b489
  * boost-parameter:x64-windows@1.88.0 -- git+https://github.com/microsoft/vcpkg@86e2c7b42f18203836314d327e95b3ab8dab7dab
  * boost-phoenix:x64-windows@1.88.0 -- git+https://github.com/microsoft/vcpkg@4fbe7fafb63ee01625c7fa368f47b55a603a86d4
  * boost-polygon:x64-windows@1.88.0 -- git+https://github.com/microsoft/vcpkg@4246224100202896cd336ff646da245d49eaece3
  * boost-pool:x64-windows@1.88.0 -- git+https://github.com/microsoft/vcpkg@f60821c1894371525636f260d1759ed9d3c0bf1e
  * boost-predef:x64-windows@1.88.0 -- git+https://github.com/microsoft/vcpkg@9800c52c1d92d169572ff2f2ed5fb936eb818c68
  * boost-preprocessor:x64-windows@1.88.0 -- git+https://github.com/microsoft/vcpkg@499a4341d1d58ed648cc36f9634e6eed3972bf9d
  * boost-program-options:x64-windows@1.88.0 -- git+https://github.com/microsoft/vcpkg@b85a04d9d493a03154426ff8f02d5a038845a17d
  * boost-property-map:x64-windows@1.88.0 -- git+https://github.com/microsoft/vcpkg@5b5de4f66ca2fefadedb72569754661d6e8cc381
  * boost-property-tree:x64-windows@1.88.0 -- git+https://github.com/microsoft/vcpkg@d72f002d2d0d18dd58a9033a7498163b0059f0ea
  * boost-proto:x64-windows@1.88.0 -- git+https://github.com/microsoft/vcpkg@347c4b038676902e9b83cdfc21dde9ac86d1f10a
  * boost-qvm:x64-windows@1.88.0 -- git+https://github.com/microsoft/vcpkg@f7f13a2d6be1c9f52366df03c7b4b8b3ee68fa0b
  * boost-random:x64-windows@1.88.0 -- git+https://github.com/microsoft/vcpkg@b2aa49ec08baef8f4f50bebdd83e0e52d0f21600
  * boost-range:x64-windows@1.88.0 -- git+https://github.com/microsoft/vcpkg@81d6d0d0180e3c891f8b9de796b017ab7c0f5659
  * boost-ratio:x64-windows@1.88.0 -- git+https://github.com/microsoft/vcpkg@ad5b59e2bf531b37b64e225814d38a297ab16aa8
  * boost-rational:x64-windows@1.88.0 -- git+https://github.com/microsoft/vcpkg@19f00bc6041b28521b20ac48932ed549a90f46f7
  * boost-regex:x64-windows@1.88.0 -- git+https://github.com/microsoft/vcpkg@dd6a6b9acf08471a6fae62bf01f6d31d813674ec
  * boost-serialization:x64-windows@1.88.0 -- git+https://github.com/microsoft/vcpkg@f36dabfb6f781fa5cb21ed81e8d13a7a5ed58382
  * boost-smart-ptr:x64-windows@1.88.0 -- git+https://github.com/microsoft/vcpkg@e65d7713ee5deba4953e849c2d8a370d65ae964e
  * boost-spirit:x64-windows@1.88.0 -- git+https://github.com/microsoft/vcpkg@67ea00f2df8f137abbe58fb5836287d0ab0a764a
  * boost-static-assert:x64-windows@1.88.0 -- git+https://github.com/microsoft/vcpkg@2cb92121f4df9c9b122c4837cb8e41ac1f4800b6
  * boost-system:x64-windows@1.88.0 -- git+https://github.com/microsoft/vcpkg@737c0b0cf6378ebcf004985963d7d5503b4a0cce
  * boost-thread:x64-windows@1.88.0 -- git+https://github.com/microsoft/vcpkg@f83f7bb80a58cdc72756fe3ecb21886788a3089b
  * boost-throw-exception:x64-windows@1.88.0 -- git+https://github.com/microsoft/vcpkg@cce052773fa40ae37c9497cf38739945720cf104
  * boost-tokenizer:x64-windows@1.88.0 -- git+https://github.com/microsoft/vcpkg@221203f5ced5b51f2908b045dcacc1e9b5140b33
  * boost-tti:x64-windows@1.88.0 -- git+https://github.com/microsoft/vcpkg@16f4b260d3d07858c48fc5cb2b6339daea53fa29
  * boost-tuple:x64-windows@1.88.0 -- git+https://github.com/microsoft/vcpkg@55ab535f246ac9b26b4a76d5182fc593914bd691
  * boost-type-index:x64-windows@1.88.0 -- git+https://github.com/microsoft/vcpkg@1c20e548a4ac12208597cbbb20df76f23ab62261
  * boost-type-traits:x64-windows@1.88.0 -- git+https://github.com/microsoft/vcpkg@5c25a4ff2c1fd4d4eb993dfed7cba2b32fd020a6
  * boost-typeof:x64-windows@1.88.0 -- git+https://github.com/microsoft/vcpkg@75c8940f03c4002bb502d869a77288d59081d026
  * boost-uninstall:x64-windows@1.88.0 -- git+https://github.com/microsoft/vcpkg@3b2f9f82076f2d15124a4e449700848c25bcadcc
  * boost-unordered:x64-windows@1.88.0 -- git+https://github.com/microsoft/vcpkg@0c41c1a7f1cbf9fa1c6f2c88050fc5a4100fc0de
  * boost-utility:x64-windows@1.88.0 -- git+https://github.com/microsoft/vcpkg@9600bd33e0b671744e96c3d032170cf4ee1d1be5
  * boost-variant:x64-windows@1.88.0 -- git+https://github.com/microsoft/vcpkg@ce04d4a9d355c53b773d0f510cf69a932ba6eb63
  * boost-variant2:x64-windows@1.88.0 -- git+https://github.com/microsoft/vcpkg@caf09c0bd44b9d3a5d2c3b17762675acaf0baac0
  * boost-winapi:x64-windows@1.88.0 -- git+https://github.com/microsoft/vcpkg@8b3ab1e64c2ac905bd598e30fba1101c5b8a2e72
  * boost-xpressive:x64-windows@1.88.0 -- git+https://github.com/microsoft/vcpkg@0544ad4c62b2b15941af4949912282d87f79777c
    libmysql:x64-windows@8.0.40 -- git+https://github.com/microsoft/vcpkg@1fcb166c50b683fcbda07bec1e7bfb7c37234525
  * lz4:x64-windows@1.10.0 -- git+https://github.com/microsoft/vcpkg@4f01eec10f515a428e914107c5188366380f8dd9
  * openssl:x64-windows@3.5.0#1 -- git+https://github.com/microsoft/vcpkg@6819498ce6c5c3e379b3ffbd2b5d93e3fc271933
  * rapidjson:x64-windows@2025-02-26 -- git+https://github.com/microsoft/vcpkg@4297a243aa0e3ed6c3a4c307579914593da5751d
  * vcpkg-boost:x64-windows@2025-03-29 -- git+https://github.com/microsoft/vcpkg@858b0333b773b5650c3f19ef271e3205542d7ceb
  * vcpkg-cmake:x64-windows@2024-04-23 -- git+https://github.com/microsoft/vcpkg@e74aa1e8f93278a8e71372f1fa08c3df420eb840
  * vcpkg-cmake-config:x64-windows@2024-05-23 -- git+https://github.com/microsoft/vcpkg@97a63e4bc1a17422ffe4eff71da53b4b561a7841
  * vcpkg-cmake-get-vars:x64-windows@2024-09-22 -- git+https://github.com/microsoft/vcpkg@f23148add155147f3d95ae622d3b0031beb25acf
  * zlib:x64-windows@1.3.1 -- git+https://github.com/microsoft/vcpkg@3f05e04b9aededb96786a911a16193cdb711f0c9
  * zstd:x64-windows@1.5.7 -- git+https://github.com/microsoft/vcpkg@31b7320fab13790c6861cb3c2d50dc8f60ca3602
Additional packages (*) will be modified to complete this operation.
Restored 91 package(s) from C:\Users\heito\AppData\Local\vcpkg\archives in 5.6 s. Use --debug to see more details.
Installing 1/91 vcpkg-cmake-config:x64-windows@2024-05-23...
Elapsed time to handle vcpkg-cmake-config:x64-windows: 16 ms
vcpkg-cmake-config:x64-windows package ABI: c775df2ee4244c0c088ff8fc766668668f2b6b062d09e07892fe77989dee6fd9
Installing 2/91 vcpkg-cmake:x64-windows@2024-04-23...
Elapsed time to handle vcpkg-cmake:x64-windows: 54.2 ms
vcpkg-cmake:x64-windows package ABI: a41d29268e48b859e0182b2cdfea16c5683d953a2fe74a3aacba1b3f85176da9
Installing 3/91 zstd:x64-windows@1.5.7...
Elapsed time to handle zstd:x64-windows: 34.9 ms
zstd:x64-windows package ABI: 6e0a072e630d232b3839a29acb412c9ee9bbc4a4155688cb23b14b4b53c8ec42
Installing 4/91 zlib:x64-windows@1.3.1...
Elapsed time to handle zlib:x64-windows: 19 ms
zlib:x64-windows package ABI: 1d1167880ef90e1787945560298fb0b5fa5adeb604308fa844ce2d280efcfccf
Installing 5/91 rapidjson:x64-windows@2025-02-26...
Elapsed time to handle rapidjson:x64-windows: 31.3 ms
rapidjson:x64-windows package ABI: 5ac259facc603d675ed6dd0c9341126dac68118339b457425e8a312c32559854
Installing 6/91 vcpkg-cmake-get-vars:x64-windows@2024-09-22...
Elapsed time to handle vcpkg-cmake-get-vars:x64-windows: 16.4 ms
vcpkg-cmake-get-vars:x64-windows package ABI: bdee5adf30189c674c117f3563c5afee6ccdfa871ff6f2e253aee055b597d862
Installing 7/91 openssl:x64-windows@3.5.0#1...
Elapsed time to handle openssl:x64-windows: 92 ms
openssl:x64-windows package ABI: 676f47886b1d78db957b72b5dcdf5e87a004537fcdc72f3119f9e547944b7b48
Installing 8/91 lz4:x64-windows@1.10.0...
Elapsed time to handle lz4:x64-windows: 23.9 ms
lz4:x64-windows package ABI: dcacf97082e6e0715fef0a205a34dcbd0c7b1f3ccaa8a1ebe1fd33709efc3dd8
Installing 9/91 vcpkg-boost:x64-windows@2025-03-29...
Elapsed time to handle vcpkg-boost:x64-windows: 30.6 ms
vcpkg-boost:x64-windows package ABI: 11a732e1c0c9299c9a74986a5e2bfdc04509eb14fc1071482762e5d68414675e
Installing 10/91 boost-uninstall:x64-windows@1.88.0...
Elapsed time to handle boost-uninstall:x64-windows: 13.4 ms
boost-uninstall:x64-windows package ABI: 6ad034c022a7e48bb047f591eb35d788ed7d85f3b827aa676e0577f060c2ab44
Installing 11/91 boost-cmake:x64-windows@1.88.0...
Elapsed time to handle boost-cmake:x64-windows: 18.6 ms
boost-cmake:x64-windows package ABI: 54fb561bcb6eaff07ec69989c4929620b17d982ddc02c7e2af525b90944ec64f
Installing 12/91 boost-headers:x64-windows@1.88.0...
Elapsed time to handle boost-headers:x64-windows: 16.8 ms
boost-headers:x64-windows package ABI: 227d0189f44dcf2b9cb79b5f23447a7a7ca49d0b1e0b6cf8d167a5c21249e901
Installing 13/91 boost-config:x64-windows@1.88.0...
Elapsed time to handle boost-config:x64-windows: 171 ms
boost-config:x64-windows package ABI: 14f94420690e340f33740daa69e9465ea02ad33d8177e0186aa0fdb3b81c95fd
Installing 14/91 boost-static-assert:x64-windows@1.88.0...
Elapsed time to handle boost-static-assert:x64-windows: 17.5 ms
boost-static-assert:x64-windows package ABI: 7f68d1824225c5b9ffebf7383de801c73ba7ab756a17aebf10e72e1ded70947c
Installing 15/91 boost-type-traits:x64-windows@1.88.0...
Elapsed time to handle boost-type-traits:x64-windows: 270 ms
boost-type-traits:x64-windows package ABI: 27f337c73aead6f3cc28b98b5621e62343f9222dbede5a5f1cd1f95fba38b77b
Installing 16/91 boost-assert:x64-windows@1.88.0...
Elapsed time to handle boost-assert:x64-windows: 44.9 ms
boost-assert:x64-windows package ABI: d08ddffc163ddfdcbbb82375d24f223b59616da660fdf58ab2df8973fb8f410d
Installing 17/91 boost-throw-exception:x64-windows@1.88.0...
Elapsed time to handle boost-throw-exception:x64-windows: 19 ms
boost-throw-exception:x64-windows package ABI: 3631ddbc456f7a78d005233fdf14f46c6a9bd104bb3d376ac9037081acf031aa
Installing 18/91 boost-core:x64-windows@1.88.0...
Elapsed time to handle boost-core:x64-windows: 104 ms
boost-core:x64-windows package ABI: 36e9b0fbbed9234d4f6f58f7df298141b4e769e454619f4b83b20188995759ee
Installing 19/91 boost-optional:x64-windows@1.88.0...
Elapsed time to handle boost-optional:x64-windows: 113 ms
boost-optional:x64-windows package ABI: 5b941f636cf3d40593400ad67d356bac3565be455b421b67e5ecf3fed903f334
Installing 20/91 boost-preprocessor:x64-windows@1.88.0...
Elapsed time to handle boost-preprocessor:x64-windows: 206 ms
boost-preprocessor:x64-windows package ABI: 3b1849f3d251139ef52e3519ed784639222cbcab32aa60ac6835ae2f17443339
Installing 21/91 boost-io:x64-windows@1.88.0...
Elapsed time to handle boost-io:x64-windows: 20.8 ms
boost-io:x64-windows package ABI: 9f90e55908aa075d0d46ac1b53a2817f8b8916253b5a5bd321556a72a0ebffa0
Installing 22/91 boost-utility:x64-windows@1.88.0...
Elapsed time to handle boost-utility:x64-windows: 24.2 ms
boost-utility:x64-windows package ABI: b4422954f0117c4d6e3270556d4ac9141467314a7a22a8b2d8edd596eb6ce178
Installing 23/91 boost-typeof:x64-windows@1.88.0...
Elapsed time to handle boost-typeof:x64-windows: 60.2 ms
boost-typeof:x64-windows package ABI: 9021891251c7399f570d2497040fdb7539494cd4274c394f4dc1d45ed0a35ba6
Installing 24/91 boost-mp11:x64-windows@1.88.0...
Elapsed time to handle boost-mp11:x64-windows: 43.2 ms
boost-mp11:x64-windows package ABI: 97148307607f421bed5c4c9b2c84c05f5f2c63dcdb6bd80874a1b7c95d1d8fd5
Installing 25/91 boost-describe:x64-windows@1.88.0...
Elapsed time to handle boost-describe:x64-windows: 24.3 ms
boost-describe:x64-windows package ABI: 0b0bc56cfd2865c7be397ed9065db6b3b825bd3d95452ea108a3ee90feda332c
Installing 26/91 boost-container-hash:x64-windows@1.88.0...
Elapsed time to handle boost-container-hash:x64-windows: 23.5 ms
boost-container-hash:x64-windows package ABI: 9237a679fa6f045b216804e54b1f6bd80cbbc683962dd76a11682fe0ebc7cbda
Installing 27/91 boost-type-index:x64-windows@1.88.0...
Elapsed time to handle boost-type-index:x64-windows: 23.3 ms
boost-type-index:x64-windows package ABI: 9b9f90604cd398127c9995e8a830ec1c37bdbc706bf44bb2282d45f102d1e5c5
Installing 28/91 boost-predef:x64-windows@1.88.0...
Elapsed time to handle boost-predef:x64-windows: 82.5 ms
boost-predef:x64-windows package ABI: 4995062fe2ccd6ebc14a91626edcb0cb2a78dd353d22edce6dd2b3d1ca4a0a24
Installing 29/91 boost-mpl:x64-windows@1.88.0...
Elapsed time to handle boost-mpl:x64-windows: 972 ms
boost-mpl:x64-windows package ABI: 30697a24309db416df20e86d7abc7e374f461c4a638503c83285ff272ec848a6
Installing 30/91 boost-integer:x64-windows@1.88.0...
Elapsed time to handle boost-integer:x64-windows: 47 ms
boost-integer:x64-windows package ABI: eb9b22208f04fb9082492c9d77dd1ac056ed681b27133de5ad8c49f3b8881252
Installing 31/91 boost-detail:x64-windows@1.88.0...
Elapsed time to handle boost-detail:x64-windows: 26.4 ms
boost-detail:x64-windows package ABI: f569997f7a0320f3a72edb66e93c32f0dab08c21539119c51d638b106204a0d4
Installing 32/91 boost-variant:x64-windows@1.88.0...
Elapsed time to handle boost-variant:x64-windows: 61.8 ms
boost-variant:x64-windows package ABI: 3a06c7dff8c6e847d1defdaa074ce630b63353521b4c6fe3d69d65b6e66b15be
Installing 33/91 boost-unordered:x64-windows@1.88.0...
Elapsed time to handle boost-unordered:x64-windows: 69 ms
boost-unordered:x64-windows package ABI: 63d9d7aa9ae39491aa13b2091f5cf23815da3e66b5e497e30af7e836f1a8f9cf
Installing 34/91 boost-winapi:x64-windows@1.88.0...
Elapsed time to handle boost-winapi:x64-windows: 99 ms
boost-winapi:x64-windows package ABI: c1c9159d79aa7c9380c99e5f3733bd0d095126fb56831d818847af954198d35a
Installing 35/91 boost-tuple:x64-windows@1.88.0...
Elapsed time to handle boost-tuple:x64-windows: 23.7 ms
boost-tuple:x64-windows package ABI: 60639c7ed64319e0ca1863fb866fa8872cd83d0510a75b3d72cff8456707fc10
Installing 36/91 boost-variant2:x64-windows@1.88.0...
Elapsed time to handle boost-variant2:x64-windows: 17.8 ms
boost-variant2:x64-windows package ABI: e04069239dae18908e33ac8e58e7a53f1a7f60956bf845e0da1975c1e2efb3f2
Installing 37/91 boost-system:x64-windows@1.88.0...
Elapsed time to handle boost-system:x64-windows: 33.5 ms
boost-system:x64-windows package ABI: 1bf3abad77330f34448ea5ab8eb5709571d2ee3b8e75687ad2baa98c3faf8bb4
Installing 38/91 boost-smart-ptr:x64-windows@1.88.0...
Elapsed time to handle boost-smart-ptr:x64-windows: 113 ms
boost-smart-ptr:x64-windows package ABI: ecf84f4d8e08806d79590bf58c246a0879567e97e8ffc8cd9783314d75a8043f
Installing 39/91 boost-move:x64-windows@1.88.0...
Elapsed time to handle boost-move:x64-windows: 61 ms
boost-move:x64-windows package ABI: 1c91493947d8d077f63b436b08a8c0aca509c0d106c1340e128bb505cd3dfbab
Installing 40/91 boost-bind:x64-windows@1.88.0...
Elapsed time to handle boost-bind:x64-windows: 25.9 ms
boost-bind:x64-windows package ABI: ccab7a08aac304b84aea657e8eb78a5170c971293713adc4f9ac347f4c6d3217
Installing 41/91 boost-function:x64-windows@1.88.0...
Elapsed time to handle boost-function:x64-windows: 40.1 ms
boost-function:x64-windows package ABI: 24e1cd770ca0641b6762dab1c08f54d76727d2b6ba7f30ff3161a34d8f6ab37e
Installing 42/91 boost-exception:x64-windows@1.88.0...
Elapsed time to handle boost-exception:x64-windows: 49.8 ms
boost-exception:x64-windows package ABI: 4afa6a464a425b47fb8516af9be08afdae40478905b0b07c47030ee9c8ec003b
Installing 43/91 boost-function-types:x64-windows@1.88.0...
Elapsed time to handle boost-function-types:x64-windows: 137 ms
boost-function-types:x64-windows package ABI: 857248e85c322a202af7a495ddc47635dd1e7f6e3d2ed509cc5eb60b2cecfbad
Installing 44/91 boost-functional:x64-windows@1.88.0...
Elapsed time to handle boost-functional:x64-windows: 26.2 ms
boost-functional:x64-windows package ABI: e671e403df9a5a01db9b8be8d4e50512572febbc70d96da4ce0488cddaf23d24
Installing 45/91 boost-fusion:x64-windows@1.88.0...
Elapsed time to handle boost-fusion:x64-windows: 704 ms
boost-fusion:x64-windows package ABI: b8922e94e0d6641b997f2d09f2d737c154ac730f0734c47600de8e8a89c5e2e1
Installing 46/91 boost-concept-check:x64-windows@1.88.0...
Elapsed time to handle boost-concept-check:x64-windows: 51.8 ms
boost-concept-check:x64-windows package ABI: 5d461be82eb15639f57adef7eacd43ba63ecbb25c9a12a2d4403038f8aa14a6c
Installing 47/91 boost-iterator:x64-windows@1.88.0...
Elapsed time to handle boost-iterator:x64-windows: 52.3 ms
boost-iterator:x64-windows package ABI: 67244adc1bd52d8e1c50e87059949a34570160f6238d548940856a4ab758537b
Installing 48/91 boost-tokenizer:x64-windows@1.88.0...
Elapsed time to handle boost-tokenizer:x64-windows: 20.7 ms
boost-tokenizer:x64-windows package ABI: 5a219ede66f2b9c7d8b9da2b737073e1546c9659df88d8b80417937b654e104b
Installing 49/91 boost-regex:x64-windows@1.88.0...
Elapsed time to handle boost-regex:x64-windows: 117 ms
boost-regex:x64-windows package ABI: feebcde7755548fa9a87f3f14373ce4e74c8c978b7480aaa9529a03b2873da43
Installing 50/91 boost-conversion:x64-windows@1.88.0...
Elapsed time to handle boost-conversion:x64-windows: 21.3 ms
boost-conversion:x64-windows package ABI: f28358f3bd663f8dc66106076edec42b5a516513861609653419a389a907ed2a
Installing 51/91 boost-array:x64-windows@1.88.0...
Elapsed time to handle boost-array:x64-windows: 19.6 ms
boost-array:x64-windows package ABI: 427d624d629715cf44e739aaf88d4a7c058f62b30f17d4657e7972cdea0dd571
Installing 52/91 boost-range:x64-windows@1.88.0...
Elapsed time to handle boost-range:x64-windows: 254 ms
boost-range:x64-windows package ABI: 6587022fc90f0100f1cfa37e8badcc45559eaa89bf4caf90cbdc11943d3e4141
Installing 53/91 boost-numeric-conversion:x64-windows@1.88.0...
Elapsed time to handle boost-numeric-conversion:x64-windows: 30.5 ms
boost-numeric-conversion:x64-windows package ABI: 1cc647f82ea6870064a9dc99459959ceb3b7ffda998cd1ce90363d57dff69584
Installing 54/91 boost-intrusive:x64-windows@1.88.0...
Elapsed time to handle boost-intrusive:x64-windows: 85.9 ms
boost-intrusive:x64-windows package ABI: 6a99959866abf65c9f4514ae8ac6a5804d167483ccb432fbb49dcb0f7a91a29b
Installing 55/91 boost-container:x64-windows@1.88.0...
Elapsed time to handle boost-container:x64-windows: 116 ms
boost-container:x64-windows package ABI: c52672041a6273e94cb26beb806341c6715737a10356d6cda5dcd26857007760
Installing 56/91 boost-lexical-cast:x64-windows@1.88.0...
Elapsed time to handle boost-lexical-cast:x64-windows: 49.9 ms
boost-lexical-cast:x64-windows package ABI: 38cafedc41a1b4b314e2dc667d9987390d26a8173a0b36a7eb7fa0dd2b6fe66d
Installing 57/91 boost-algorithm:x64-windows@1.88.0...
Elapsed time to handle boost-algorithm:x64-windows: 154 ms
boost-algorithm:x64-windows package ABI: 061bdd1158f321973951166425cce554d7f178c027066e0f47f064d99142e1d9
Installing 58/91 boost-date-time:x64-windows@1.88.0...
Elapsed time to handle boost-date-time:x64-windows: 157 ms
boost-date-time:x64-windows package ABI: 3da0b1deeb496b979383384244d6e3f42736295be9c8ceacbb0a2aa62b977da4
Installing 59/91 boost-ratio:x64-windows@1.88.0...
Elapsed time to handle boost-ratio:x64-windows: 27.9 ms
boost-ratio:x64-windows package ABI: fb567c6a1e0d9cfb3bd8c2d85c03411030051cf60d9f5a5af9d8d14e4c6de373
Installing 60/91 boost-chrono:x64-windows@1.88.0...
Elapsed time to handle boost-chrono:x64-windows: 61.6 ms
boost-chrono:x64-windows package ABI: 893d98fa483f6f47811561cfa3f5c824b44a7fb555557c3f65f9b19a06f57ceb
Installing 61/91 boost-align:x64-windows@1.88.0...
Elapsed time to handle boost-align:x64-windows: 91.7 ms
boost-align:x64-windows package ABI: 1b6619e9bf179a20d93a1ae9de221dec8680d924dfc603e8dfdc11bc79b53149
Installing 62/91 boost-atomic:x64-windows@1.88.0...
Elapsed time to handle boost-atomic:x64-windows: 151 ms
boost-atomic:x64-windows package ABI: 79a2385dc26f4526348f1f8e05c4c25688eb3bee0f87041b67d2e162386c2732
Installing 63/91 boost-thread:x64-windows@1.88.0...
Elapsed time to handle boost-thread:x64-windows: 154 ms
boost-thread:x64-windows package ABI: d5fe68ab4068fcadabbd95a668555f5dce56f84afce04f3d80c70a7d3cdd89ed
Installing 64/91 boost-proto:x64-windows@1.88.0...
Elapsed time to handle boost-proto:x64-windows: 80.9 ms
boost-proto:x64-windows package ABI: b0b218f1b7447d7f3804d9ae6853fb57e4d952847d5523ce269db4a7e1bcaa84
Installing 65/91 boost-pool:x64-windows@1.88.0...
Elapsed time to handle boost-pool:x64-windows: 26.7 ms
boost-pool:x64-windows package ABI: b2b38019b6ad6db84ecb1a755d4dfd70b6942deaccee17ad8f6df57619ed9557
Installing 66/91 boost-phoenix:x64-windows@1.88.0...
Elapsed time to handle boost-phoenix:x64-windows: 157 ms
boost-phoenix:x64-windows package ABI: 3b953655652ccc7db62971d9d4477c9e9d7733213c0c05492f0f5dbbd136ac8b
Installing 67/91 boost-endian:x64-windows@1.88.0...
Elapsed time to handle boost-endian:x64-windows: 28 ms
boost-endian:x64-windows package ABI: 355ba37acb4a0c042332d9488be251b435943c27da75a539820885e82a892a08
Installing 68/91 boost-spirit:x64-windows@1.88.0...
Elapsed time to handle boost-spirit:x64-windows: 781 ms
boost-spirit:x64-windows package ABI: 41888caa83616aa5178fa38861d29141e069226ef1f7be28e152f0532e6ae200
Installing 69/91 boost-xpressive:x64-windows@1.88.0...
Elapsed time to handle boost-xpressive:x64-windows: 192 ms
boost-xpressive:x64-windows package ABI: bc47d3b32db8d325e3ee53c63c1f6d9b258c88a0da747742f4ff6d25dafb5284
Installing 70/91 boost-tti:x64-windows@1.88.0...
Elapsed time to handle boost-tti:x64-windows: 94.2 ms
boost-tti:x64-windows package ABI: d7eaa034bfd0528553f4514b05d7933e772d5075c3703fff447cc5b0c1934567
Installing 71/91 boost-serialization:x64-windows@1.88.0...
Elapsed time to handle boost-serialization:x64-windows: 228 ms
boost-serialization:x64-windows package ABI: e3b83eafb361358475dc94cc844477c86b3319742b3a569cc140f351a21186df
Installing 72/91 boost-dynamic-bitset:x64-windows@1.88.0...
Elapsed time to handle boost-dynamic-bitset:x64-windows: 48.5 ms
boost-dynamic-bitset:x64-windows package ABI: 9446f59ac06f3b95c0ce50b0d09a18e20058bcd98f8e05820c9dd60ec1542180
Installing 73/91 boost-random:x64-windows@1.88.0...
Elapsed time to handle boost-random:x64-windows: 73.8 ms
boost-random:x64-windows package ABI: 783fecd1b00a2789ca7eb3210970363a95e3cd1a658f65b1c79cc60e1c1069a1
Installing 74/91 boost-multi-index:x64-windows@1.88.0...
Elapsed time to handle boost-multi-index:x64-windows: 79.7 ms
boost-multi-index:x64-windows package ABI: 3f208ba6caaa94b253549309e8e803283fbb355dd0f082d0f7c95b09f1cdd4af
Installing 75/91 boost-any:x64-windows@1.88.0...
Elapsed time to handle boost-any:x64-windows: 25.8 ms
boost-any:x64-windows package ABI: 159387327a9c9e6e4e1f4295ce628e78d2d8727f943bdbf2c46cb6f27306f669
Installing 76/91 boost-property-tree:x64-windows@1.88.0...
Elapsed time to handle boost-property-tree:x64-windows: 34.6 ms
boost-property-tree:x64-windows package ABI: 20604336c7d595aa7cf7c7e4e703c9c15dc13ba568d37cab7ee8b4f4a3cb743a
Installing 77/91 boost-property-map:x64-windows@1.88.0...
Elapsed time to handle boost-property-map:x64-windows: 50.3 ms
boost-property-map:x64-windows package ABI: 6bf7c4bc61d8b7f870186fd0d25c54bb56ac207a4dfceadff1bce6e38a5ccd03
Installing 78/91 boost-parameter:x64-windows@1.88.0...
Elapsed time to handle boost-parameter:x64-windows: 65.7 ms
boost-parameter:x64-windows package ABI: d4066b62c3824f49e46150ceffc0a37a7b515bd68e6694f5c59dcf8c1297ca03
Installing 79/91 boost-math:x64-windows@1.88.0...
Elapsed time to handle boost-math:x64-windows: 520 ms
boost-math:x64-windows package ABI: 5bfef450d639fd3d7eb9dcb9edb5d1098df210698ce3128d55b19d695cf6c0c2
Installing 80/91 boost-rational:x64-windows@1.88.0...
Elapsed time to handle boost-rational:x64-windows: 24.4 ms
boost-rational:x64-windows package ABI: 4aab713a4e0e3e19ec72314c6a11ca0e7d43c8ce5d1adaab58297dd4822e55fd
Installing 81/91 boost-qvm:x64-windows@1.88.0...
Elapsed time to handle boost-qvm:x64-windows: 141 ms
boost-qvm:x64-windows package ABI: b750ac435d50559479585459deb4b5b7e1355f6fc6fac421fac86db7ad562650
Installing 82/91 boost-program-options:x64-windows@1.88.0...
Elapsed time to handle boost-program-options:x64-windows: 33.1 ms
boost-program-options:x64-windows package ABI: e03a2fa0a1769a8d8cc8b2e6edd874878c86306139fbcb711a0801a0b4d2707f
Installing 83/91 boost-polygon:x64-windows@1.88.0...
Elapsed time to handle boost-polygon:x64-windows: 67.4 ms
boost-polygon:x64-windows package ABI: 2371ffa8fddb65c82fbfcbea4f74e6c265f741f55682548def679d9e6a218f9e
Installing 84/91 boost-multiprecision:x64-windows@1.88.0...
Elapsed time to handle boost-multiprecision:x64-windows: 53.6 ms
boost-multiprecision:x64-windows package ABI: d8df3c23f086b711ac33ee4b28e3f2888295b4585f64e871b3b8df0f7edb211d
Installing 85/91 boost-crc:x64-windows@1.88.0...
Elapsed time to handle boost-crc:x64-windows: 26.1 ms
boost-crc:x64-windows package ABI: 28c377fe1dc86cee451949325312f352a92a0e2c2366cab8812f35e2aa9685a3
Installing 86/91 boost-geometry:x64-windows@1.88.0...
Elapsed time to handle boost-geometry:x64-windows: 421 ms
boost-geometry:x64-windows package ABI: 7e88de210d5f672ba348a465c4e23b57c9f2f54acb2849224113c428df52aef3
Installing 87/91 boost-foreach:x64-windows@1.88.0...
Elapsed time to handle boost-foreach:x64-windows: 28.7 ms
boost-foreach:x64-windows package ABI: 130ddf0e9d9b2f79aa5d726c400f38a085b27a48136c49608fd9e30323ffdb0c
Installing 88/91 boost-lambda:x64-windows@1.88.0...
Elapsed time to handle boost-lambda:x64-windows: 43 ms
boost-lambda:x64-windows package ABI: 2bd801ca64a65d8512ea782a095f86823e2474b46eb109441f7fc3d815af8f18
Installing 89/91 boost-bimap:x64-windows@1.88.0...
Elapsed time to handle boost-bimap:x64-windows: 101 ms
boost-bimap:x64-windows package ABI: b5c1b7d8b7a98d2cb25605c4278ddf9a13efc96201c75ce12416e8de893c7e99
Installing 90/91 boost-graph:x64-windows@1.88.0...
Elapsed time to handle boost-graph:x64-windows: 203 ms
boost-graph:x64-windows package ABI: 02407a498c817a80c0cad5aa13d569d0233e7f115f15d383457e06c4eadaa8f0
Installing 91/91 libmysql:x64-windows@8.0.40...
Elapsed time to handle libmysql:x64-windows: 121 ms
libmysql:x64-windows package ABI: e583b462b5eb47aa15183d31fbbb9d744c22824b2e35cbd7366d06d44995cd99
Total install time: 9.6 s
libmysql provides CMake targets:

    find_package(unofficial-libmysql REQUIRED)
    target_link_libraries(main PRIVATE unofficial::libmysql::libmysql)

